Expression	Value	Location	Type	
b	<struct>	Memory:0x7684	polyvec	
vec	<array>	Memory:0x7684	poly [2]	
[0]	<struct>	Memory:0x7684	poly	
coeffs	<array>	Memory:0x7684	int[256]	
[0]	0x2c	Memory:0x7684	int	
[1]	0xfa50	Memory:0x7686	int	
[2]	0xfc5d	Memory:0x7688	int	
[3]	0x192	Memory:0x768a	int	
[4]	0x5a2	Memory:0x768c	int	
[5]	0x542	Memory:0x768e	int	
[6]	0xfd7d	Memory:0x7690	int	
[7]	0xfbd3	Memory:0x7692	int	
[8]	0xfc50	Memory:0x7694	int	
[9]	0x27f	Memory:0x7696	int	
[10]	0xfa0c	Memory:0x7698	int	
[11]	0xf9cb	Memory:0x769a	int	
[12]	0x4d2	Memory:0x769c	int	
[13]	0xfbf4	Memory:0x769e	int	
[14]	0xfdf3	Memory:0x76a0	int	
[15]	0x398	Memory:0x76a2	int	
[16]	0x5f0	Memory:0x76a4	int	
[17]	0xfc25	Memory:0x76a6	int	
[18]	0xfc39	Memory:0x76a8	int	
[19]	0xfa0e	Memory:0x76aa	int	
[20]	0x431	Memory:0x76ac	int	
[21]	0xf9ba	Memory:0x76ae	int	
[22]	0x605	Memory:0x76b0	int	
[23]	0xffc4	Memory:0x76b2	int	
[24]	0x14b	Memory:0x76b4	int	
[25]	0xffd0	Memory:0x76b6	int	
[26]	0xfb97	Memory:0x76b8	int	
[27]	0x507	Memory:0x76ba	int	
[28]	0xffb3	Memory:0x76bc	int	
[29]	0xfcf2	Memory:0x76be	int	
[30]	0xfc52	Memory:0x76c0	int	
[31]	0xfe4b	Memory:0x76c2	int	
[32]	0x18	Memory:0x76c4	int	
[33]	0xfb02	Memory:0x76c6	int	
[34]	0xfbde	Memory:0x76c8	int	
[35]	0xfddc	Memory:0x76ca	int	
[36]	0xfe2e	Memory:0x76cc	int	
[37]	0xfb96	Memory:0x76ce	int	
[38]	0xff5d	Memory:0x76d0	int	
[39]	0x3c8	Memory:0x76d2	int	
[40]	0xa1	Memory:0x76d4	int	
[41]	0x5b5	Memory:0x76d6	int	
[42]	0x344	Memory:0x76d8	int	
[43]	0x328	Memory:0x76da	int	
[44]	0x37a	Memory:0x76dc	int	
[45]	0xfe37	Memory:0x76de	int	
[46]	0xfc3c	Memory:0x76e0	int	
[47]	0x45f	Memory:0x76e2	int	
[48]	0x4cc	Memory:0x76e4	int	
[49]	0xfb35	Memory:0x76e6	int	
[50]	0x617	Memory:0x76e8	int	
[51]	0xfdda	Memory:0x76ea	int	
[52]	0xfc69	Memory:0x76ec	int	
[53]	0xfdee	Memory:0x76ee	int	
[54]	0x313	Memory:0x76f0	int	
[55]	0xfdd9	Memory:0x76f2	int	
[56]	0xff0a	Memory:0x76f4	int	
[57]	0x50c	Memory:0x76f6	int	
[58]	0xfc5b	Memory:0x76f8	int	
[59]	0xfa4e	Memory:0x76fa	int	
[60]	0x138	Memory:0x76fc	int	
[61]	0x151	Memory:0x76fe	int	
[62]	0xfc3a	Memory:0x7700	int	
[63]	0x1f0	Memory:0x7702	int	
[64]	0x16a	Memory:0x7704	int	
[65]	0xfadf	Memory:0x7706	int	
[66]	0x340	Memory:0x7708	int	
[67]	0x162	Memory:0x770a	int	
[68]	0xfad4	Memory:0x770c	int	
[69]	0xfd54	Memory:0x770e	int	
[70]	0x13b	Memory:0x7710	int	
[71]	0xffd8	Memory:0x7712	int	
[72]	0x109	Memory:0x7714	int	
[73]	0xfcee	Memory:0x7716	int	
[74]	0x3ba	Memory:0x7718	int	
[75]	0xfc0e	Memory:0x771a	int	
[76]	0x2ff	Memory:0x771c	int	
[77]	0xfa3d	Memory:0x771e	int	
[78]	0x590	Memory:0x7720	int	
[79]	0xfb77	Memory:0x7722	int	
[80]	0x91	Memory:0x7724	int	
[81]	0x10c	Memory:0x7726	int	
[82]	0x68	Memory:0x7728	int	
[83]	0x6e	Memory:0x772a	int	
[84]	0xfd96	Memory:0x772c	int	
[85]	0xfa22	Memory:0x772e	int	
[86]	0xfa13	Memory:0x7730	int	
[87]	0x1b	Memory:0x7732	int	
[88]	0xff5b	Memory:0x7734	int	
[89]	0xfe58	Memory:0x7736	int	
[90]	0x4e9	Memory:0x7738	int	
[91]	0x571	Memory:0x773a	int	
[92]	0x311	Memory:0x773c	int	
[93]	0x52e	Memory:0x773e	int	
[94]	0xfb3e	Memory:0x7740	int	
[95]	0x480	Memory:0x7742	int	
[96]	0x4e7	Memory:0x7744	int	
[97]	0xfdcd	Memory:0x7746	int	
[98]	0x3fe	Memory:0x7748	int	
[99]	0x57a	Memory:0x774a	int	
[100]	0xf9f6	Memory:0x774c	int	
[101]	0xfa64	Memory:0x774e	int	
[102]	0xfab8	Memory:0x7750	int	
[103]	0x365	Memory:0x7752	int	
[104]	0x342	Memory:0x7754	int	
[105]	0xfb87	Memory:0x7756	int	
[106]	0xbf	Memory:0x7758	int	
[107]	0x393	Memory:0x775a	int	
[108]	0xec	Memory:0x775c	int	
[109]	0xfc16	Memory:0x775e	int	
[110]	0x668	Memory:0x7760	int	
[111]	0x23e	Memory:0x7762	int	
[112]	0x5c4	Memory:0x7764	int	
[113]	0x166	Memory:0x7766	int	
[114]	0xfaca	Memory:0x7768	int	
[115]	0xfae7	Memory:0x776a	int	
[116]	0x492	Memory:0x776c	int	
[117]	0xfc80	Memory:0x776e	int	
[118]	0xfe4a	Memory:0x7770	int	
[119]	0x670	Memory:0x7772	int	
[120]	0xfbc8	Memory:0x7774	int	
[121]	0xff5a	Memory:0x7776	int	
[122]	0xfec8	Memory:0x7778	int	
[123]	0x448	Memory:0x777a	int	
[124]	0x3fb	Memory:0x777c	int	
[125]	0x494	Memory:0x777e	int	
[126]	0xfbc4	Memory:0x7780	int	
[127]	0xfbf7	Memory:0x7782	int	
[128]	0x2cb	Memory:0x7784	int	
[129]	0x407	Memory:0x7786	int	
[130]	0xe9	Memory:0x7788	int	
[131]	0xf9c1	Memory:0x778a	int	
[132]	0x5	Memory:0x778c	int	
[133]	0xfe65	Memory:0x778e	int	
[134]	0xffa5	Memory:0x7790	int	
[135]	0xfcbf	Memory:0x7792	int	
[136]	0x101	Memory:0x7794	int	
[137]	0x379	Memory:0x7796	int	
[138]	0x48a	Memory:0x7798	int	
[139]	0xff48	Memory:0x779a	int	
[140]	0xfcd7	Memory:0x779c	int	
[141]	0xfb53	Memory:0x779e	int	
[142]	0xe5	Memory:0x77a0	int	
[143]	0x450	Memory:0x77a2	int	
[144]	0xfb32	Memory:0x77a4	int	
[145]	0x1d0	Memory:0x77a6	int	
[146]	0x67d	Memory:0x77a8	int	
[147]	0xfc04	Memory:0x77aa	int	
[148]	0x427	Memory:0x77ac	int	
[149]	0xfca6	Memory:0x77ae	int	
[150]	0xfa50	Memory:0x77b0	int	
[151]	0x663	Memory:0x77b2	int	
[152]	0xfaaf	Memory:0x77b4	int	
[153]	0x3e5	Memory:0x77b6	int	
[154]	0xfec8	Memory:0x77b8	int	
[155]	0x58e	Memory:0x77ba	int	
[156]	0xfcc7	Memory:0x77bc	int	
[157]	0xf987	Memory:0x77be	int	
[158]	0x48b	Memory:0x77c0	int	
[159]	0x44a	Memory:0x77c2	int	
[160]	0x11f	Memory:0x77c4	int	
[161]	0xfedb	Memory:0x77c6	int	
[162]	0xfd3f	Memory:0x77c8	int	
[163]	0xff07	Memory:0x77ca	int	
[164]	0x373	Memory:0x77cc	int	
[165]	0x55c	Memory:0x77ce	int	
[166]	0x27e	Memory:0x77d0	int	
[167]	0xfc06	Memory:0x77d2	int	
[168]	0xfa18	Memory:0x77d4	int	
[169]	0x3bb	Memory:0x77d6	int	
[170]	0xfb56	Memory:0x77d8	int	
[171]	0x3bc	Memory:0x77da	int	
[172]	0x21	Memory:0x77dc	int	
[173]	0x5d7	Memory:0x77de	int	
[174]	0xfc8f	Memory:0x77e0	int	
[175]	0x342	Memory:0x77e2	int	
[176]	0xfa73	Memory:0x77e4	int	
[177]	0xfbfa	Memory:0x77e6	int	
[178]	0x45f	Memory:0x77e8	int	
[179]	0x3bc	Memory:0x77ea	int	
[180]	0xfcdc	Memory:0x77ec	int	
[181]	0x438	Memory:0x77ee	int	
[182]	0x2dd	Memory:0x77f0	int	
[183]	0x475	Memory:0x77f2	int	
[184]	0xfc27	Memory:0x77f4	int	
[185]	0xf9ea	Memory:0x77f6	int	
[186]	0x447	Memory:0x77f8	int	
[187]	0xfa71	Memory:0x77fa	int	
[188]	0xfa7a	Memory:0x77fc	int	
[189]	0xfc4b	Memory:0x77fe	int	
[190]	0x434	Memory:0x7800	int	
[191]	0xfc95	Memory:0x7802	int	
[192]	0xfdc0	Memory:0x7804	int	
[193]	0xfb22	Memory:0x7806	int	
[194]	0xfaf5	Memory:0x7808	int	
[195]	0xff45	Memory:0x780a	int	
[196]	0x646	Memory:0x780c	int	
[197]	0x45b	Memory:0x780e	int	
[198]	0x4e3	Memory:0x7810	int	
[199]	0x4cb	Memory:0x7812	int	
[200]	0x183	Memory:0x7814	int	
[201]	0x10	Memory:0x7816	int	
[202]	0xfbcc	Memory:0x7818	int	
[203]	0xffa0	Memory:0x781a	int	
[204]	0x5b2	Memory:0x781c	int	
[205]	0x3bb	Memory:0x781e	int	
[206]	0x4a2	Memory:0x7820	int	
[207]	0x143	Memory:0x7822	int	
[208]	0xfcde	Memory:0x7824	int	
[209]	0x490	Memory:0x7826	int	
[210]	0xfa38	Memory:0x7828	int	
[211]	0xfea9	Memory:0x782a	int	
[212]	0xfe6d	Memory:0x782c	int	
[213]	0xfc43	Memory:0x782e	int	
[214]	0x531	Memory:0x7830	int	
[215]	0x56f	Memory:0x7832	int	
[216]	0x299	Memory:0x7834	int	
[217]	0xffc8	Memory:0x7836	int	
[218]	0xfc3e	Memory:0x7838	int	
[219]	0x216	Memory:0x783a	int	
[220]	0x201	Memory:0x783c	int	
[221]	0xfbc4	Memory:0x783e	int	
[222]	0xfcb9	Memory:0x7840	int	
[223]	0xfeb3	Memory:0x7842	int	
[224]	0x332	Memory:0x7844	int	
[225]	0x146	Memory:0x7846	int	
[226]	0xfb90	Memory:0x7848	int	
[227]	0xf9c3	Memory:0x784a	int	
[228]	0x1ed	Memory:0x784c	int	
[229]	0xfb0a	Memory:0x784e	int	
[230]	0x46b	Memory:0x7850	int	
[231]	0x4dc	Memory:0x7852	int	
[232]	0xffbf	Memory:0x7854	int	
[233]	0x67c	Memory:0x7856	int	
[234]	0xfc61	Memory:0x7858	int	
[235]	0x213	Memory:0x785a	int	
[236]	0xfb44	Memory:0x785c	int	
[237]	0x225	Memory:0x785e	int	
[238]	0x366	Memory:0x7860	int	
[239]	0x12e	Memory:0x7862	int	
[240]	0xfba5	Memory:0x7864	int	
[241]	0xfe8f	Memory:0x7866	int	
[242]	0xfa95	Memory:0x7868	int	
[243]	0x255	Memory:0x786a	int	
[244]	0x1c7	Memory:0x786c	int	
[245]	0x91	Memory:0x786e	int	
[246]	0xfcf1	Memory:0x7870	int	
[247]	0x372	Memory:0x7872	int	
[248]	0xff19	Memory:0x7874	int	
[249]	0x1cf	Memory:0x7876	int	
[250]	0xfb08	Memory:0x7878	int	
[251]	0x571	Memory:0x787a	int	
[252]	0xfa2f	Memory:0x787c	int	
[253]	0x367	Memory:0x787e	int	
[254]	0xff72	Memory:0x7880	int	
[255]	0x2d9	Memory:0x7882	int	
[1]	<struct>	Memory:0x7884	poly	
coeffs	<array>	Memory:0x7884	int[256]	
[0]	0xffe7	Memory:0x7884	int	
[1]	0x155	Memory:0x7886	int	
[2]	0x186	Memory:0x7888	int	
[3]	0xfa0b	Memory:0x788a	int	
[4]	0x475	Memory:0x788c	int	
[5]	0x474	Memory:0x788e	int	
[6]	0x32e	Memory:0x7890	int	
[7]	0x400	Memory:0x7892	int	
[8]	0xfe6a	Memory:0x7894	int	
[9]	0x136	Memory:0x7896	int	
[10]	0xfb12	Memory:0x7898	int	
[11]	0xfee3	Memory:0x789a	int	
[12]	0x3cd	Memory:0x789c	int	
[13]	0xffc0	Memory:0x789e	int	
[14]	0xf98e	Memory:0x78a0	int	
[15]	0x395	Memory:0x78a2	int	
[16]	0x586	Memory:0x78a4	int	
[17]	0xfc1c	Memory:0x78a6	int	
[18]	0x2c5	Memory:0x78a8	int	
[19]	0xfe09	Memory:0x78aa	int	
[20]	0xfc41	Memory:0x78ac	int	
[21]	0x17	Memory:0x78ae	int	
[22]	0x24a	Memory:0x78b0	int	
[23]	0xfc96	Memory:0x78b2	int	
[24]	0xfcf7	Memory:0x78b4	int	
[25]	0xf9a0	Memory:0x78b6	int	
[26]	0x5b5	Memory:0x78b8	int	
[27]	0xfaf3	Memory:0x78ba	int	
[28]	0xfee0	Memory:0x78bc	int	
[29]	0x204	Memory:0x78be	int	
[30]	0x66d	Memory:0x78c0	int	
[31]	0x14	Memory:0x78c2	int	
[32]	0x293	Memory:0x78c4	int	
[33]	0xf991	Memory:0x78c6	int	
[34]	0xff4a	Memory:0x78c8	int	
[35]	0x24e	Memory:0x78ca	int	
[36]	0x514	Memory:0x78cc	int	
[37]	0xd8	Memory:0x78ce	int	
[38]	0x24f	Memory:0x78d0	int	
[39]	0x116	Memory:0x78d2	int	
[40]	0x5d8	Memory:0x78d4	int	
[41]	0x5a9	Memory:0x78d6	int	
[42]	0xfde3	Memory:0x78d8	int	
[43]	0xfba0	Memory:0x78da	int	
[44]	0x6d	Memory:0x78dc	int	
[45]	0x359	Memory:0x78de	int	
[46]	0x4be	Memory:0x78e0	int	
[47]	0x27b	Memory:0x78e2	int	
[48]	0x2bc	Memory:0x78e4	int	
[49]	0xfc73	Memory:0x78e6	int	
[50]	0x76	Memory:0x78e8	int	
[51]	0xfe39	Memory:0x78ea	int	
[52]	0xfd7f	Memory:0x78ec	int	
[53]	0xff0e	Memory:0x78ee	int	
[54]	0xfc43	Memory:0x78f0	int	
[55]	0xf98a	Memory:0x78f2	int	
[56]	0x0	Memory:0x78f4	int	
[57]	0xab	Memory:0x78f6	int	
[58]	0x54f	Memory:0x78f8	int	
[59]	0xfe51	Memory:0x78fa	int	
[60]	0x341	Memory:0x78fc	int	
[61]	0x136	Memory:0x78fe	int	
[62]	0xdd	Memory:0x7900	int	
[63]	0xfb39	Memory:0x7902	int	
[64]	0x375	Memory:0x7904	int	
[65]	0xfc82	Memory:0x7906	int	
[66]	0x55a	Memory:0x7908	int	
[67]	0x22	Memory:0x790a	int	
[68]	0x480	Memory:0x790c	int	
[69]	0xffb9	Memory:0x790e	int	
[70]	0xfcac	Memory:0x7910	int	
[71]	0xfa85	Memory:0x7912	int	
[72]	0xfe13	Memory:0x7914	int	
[73]	0x624	Memory:0x7916	int	
[74]	0x29d	Memory:0x7918	int	
[75]	0x5a7	Memory:0x791a	int	
[76]	0x48c	Memory:0x791c	int	
[77]	0xfc12	Memory:0x791e	int	
[78]	0x3e6	Memory:0x7920	int	
[79]	0x2e0	Memory:0x7922	int	
[80]	0xfe95	Memory:0x7924	int	
[81]	0x2c2	Memory:0x7926	int	
[82]	0x1a7	Memory:0x7928	int	
[83]	0x474	Memory:0x792a	int	
[84]	0xfab9	Memory:0x792c	int	
[85]	0x339	Memory:0x792e	int	
[86]	0xfd7c	Memory:0x7930	int	
[87]	0xffd5	Memory:0x7932	int	
[88]	0x2f8	Memory:0x7934	int	
[89]	0xfd98	Memory:0x7936	int	
[90]	0xffcf	Memory:0x7938	int	
[91]	0x151	Memory:0x793a	int	
[92]	0x3b4	Memory:0x793c	int	
[93]	0xba	Memory:0x793e	int	
[94]	0x4eb	Memory:0x7940	int	
[95]	0x58c	Memory:0x7942	int	
[96]	0x351	Memory:0x7944	int	
[97]	0xfc4e	Memory:0x7946	int	
[98]	0xfae6	Memory:0x7948	int	
[99]	0xff69	Memory:0x794a	int	
[100]	0x45d	Memory:0x794c	int	
[101]	0x2f8	Memory:0x794e	int	
[102]	0x27	Memory:0x7950	int	
[103]	0xffc8	Memory:0x7952	int	
[104]	0x55f	Memory:0x7954	int	
[105]	0x3f2	Memory:0x7956	int	
[106]	0x60a	Memory:0x7958	int	
[107]	0xfa05	Memory:0x795a	int	
[108]	0x67c	Memory:0x795c	int	
[109]	0xf9ae	Memory:0x795e	int	
[110]	0xfcf3	Memory:0x7960	int	
[111]	0xfd7c	Memory:0x7962	int	
[112]	0xfe82	Memory:0x7964	int	
[113]	0xfb5e	Memory:0x7966	int	
[114]	0xfe17	Memory:0x7968	int	
[115]	0xfc8d	Memory:0x796a	int	
[116]	0x4f5	Memory:0x796c	int	
[117]	0xfa5e	Memory:0x796e	int	
[118]	0xfa76	Memory:0x7970	int	
[119]	0xfc71	Memory:0x7972	int	
[120]	0xfb16	Memory:0x7974	int	
[121]	0x34d	Memory:0x7976	int	
[122]	0x1be	Memory:0x7978	int	
[123]	0xfdc2	Memory:0x797a	int	
[124]	0x4e3	Memory:0x797c	int	
[125]	0x624	Memory:0x797e	int	
[126]	0xfdad	Memory:0x7980	int	
[127]	0xff72	Memory:0x7982	int	
[128]	0x446	Memory:0x7984	int	
[129]	0x2ce	Memory:0x7986	int	
[130]	0x64b	Memory:0x7988	int	
[131]	0xdf	Memory:0x798a	int	
[132]	0x4d0	Memory:0x798c	int	
[133]	0x71	Memory:0x798e	int	
[134]	0xfedb	Memory:0x7990	int	
[135]	0xfffb	Memory:0x7992	int	
[136]	0xfad3	Memory:0x7994	int	
[137]	0xfbcd	Memory:0x7996	int	
[138]	0xfce3	Memory:0x7998	int	
[139]	0xfe21	Memory:0x799a	int	
[140]	0x4a9	Memory:0x799c	int	
[141]	0xfe16	Memory:0x799e	int	
[142]	0xfe93	Memory:0x79a0	int	
[143]	0x520	Memory:0x79a2	int	
[144]	0x38a	Memory:0x79a4	int	
[145]	0xfc4d	Memory:0x79a6	int	
[146]	0xfa43	Memory:0x79a8	int	
[147]	0x400	Memory:0x79aa	int	
[148]	0xf9f2	Memory:0x79ac	int	
[149]	0xfcac	Memory:0x79ae	int	
[150]	0xfe87	Memory:0x79b0	int	
[151]	0x519	Memory:0x79b2	int	
[152]	0xfcf8	Memory:0x79b4	int	
[153]	0xfcae	Memory:0x79b6	int	
[154]	0x4da	Memory:0x79b8	int	
[155]	0x4a2	Memory:0x79ba	int	
[156]	0x476	Memory:0x79bc	int	
[157]	0xfa38	Memory:0x79be	int	
[158]	0xd3	Memory:0x79c0	int	
[159]	0xfd61	Memory:0x79c2	int	
[160]	0xa9	Memory:0x79c4	int	
[161]	0xff1c	Memory:0x79c6	int	
[162]	0x109	Memory:0x79c8	int	
[163]	0xfea7	Memory:0x79ca	int	
[164]	0x1f4	Memory:0x79cc	int	
[165]	0x78	Memory:0x79ce	int	
[166]	0x46e	Memory:0x79d0	int	
[167]	0x213	Memory:0x79d2	int	
[168]	0xfb8b	Memory:0x79d4	int	
[169]	0x540	Memory:0x79d6	int	
[170]	0x3ce	Memory:0x79d8	int	
[171]	0xfa9e	Memory:0x79da	int	
[172]	0xfc02	Memory:0x79dc	int	
[173]	0xfb41	Memory:0x79de	int	
[174]	0xfe93	Memory:0x79e0	int	
[175]	0x4f4	Memory:0x79e2	int	
[176]	0xc2	Memory:0x79e4	int	
[177]	0xfd18	Memory:0x79e6	int	
[178]	0x3c1	Memory:0x79e8	int	
[179]	0x41e	Memory:0x79ea	int	
[180]	0xfc96	Memory:0x79ec	int	
[181]	0x551	Memory:0x79ee	int	
[182]	0x3f1	Memory:0x79f0	int	
[183]	0xf9d2	Memory:0x79f2	int	
[184]	0x46c	Memory:0x79f4	int	
[185]	0xfae4	Memory:0x79f6	int	
[186]	0xdd	Memory:0x79f8	int	
[187]	0x419	Memory:0x79fa	int	
[188]	0x5b3	Memory:0x79fc	int	
[189]	0xfa8f	Memory:0x79fe	int	
[190]	0x623	Memory:0x7a00	int	
[191]	0xfee6	Memory:0x7a02	int	
[192]	0xfe44	Memory:0x7a04	int	
[193]	0xfb01	Memory:0x7a06	int	
[194]	0x186	Memory:0x7a08	int	
[195]	0xa3	Memory:0x7a0a	int	
[196]	0x5af	Memory:0x7a0c	int	
[197]	0x5c1	Memory:0x7a0e	int	
[198]	0xfc04	Memory:0x7a10	int	
[199]	0xfadf	Memory:0x7a12	int	
[200]	0x4fe	Memory:0x7a14	int	
[201]	0x4e7	Memory:0x7a16	int	
[202]	0xf3	Memory:0x7a18	int	
[203]	0xfc3e	Memory:0x7a1a	int	
[204]	0xffc8	Memory:0x7a1c	int	
[205]	0xfbf9	Memory:0x7a1e	int	
[206]	0x455	Memory:0x7a20	int	
[207]	0xfbb4	Memory:0x7a22	int	
[208]	0xfba0	Memory:0x7a24	int	
[209]	0x33c	Memory:0x7a26	int	
[210]	0xfd37	Memory:0x7a28	int	
[211]	0x4d9	Memory:0x7a2a	int	
[212]	0x21f	Memory:0x7a2c	int	
[213]	0xfeb5	Memory:0x7a2e	int	
[214]	0xfc89	Memory:0x7a30	int	
[215]	0xffeb	Memory:0x7a32	int	
[216]	0x4b8	Memory:0x7a34	int	
[217]	0x5df	Memory:0x7a36	int	
[218]	0x279	Memory:0x7a38	int	
[219]	0xfd43	Memory:0x7a3a	int	
[220]	0x291	Memory:0x7a3c	int	
[221]	0xff09	Memory:0x7a3e	int	
[222]	0x33c	Memory:0x7a40	int	
[223]	0x166	Memory:0x7a42	int	
[224]	0x431	Memory:0x7a44	int	
[225]	0x26c	Memory:0x7a46	int	
[226]	0x294	Memory:0x7a48	int	
[227]	0xfcc3	Memory:0x7a4a	int	
[228]	0xfc59	Memory:0x7a4c	int	
[229]	0x74	Memory:0x7a4e	int	
[230]	0xfa34	Memory:0x7a50	int	
[231]	0xfa0e	Memory:0x7a52	int	
[232]	0xfd98	Memory:0x7a54	int	
[233]	0xfcd1	Memory:0x7a56	int	
[234]	0x1a8	Memory:0x7a58	int	
[235]	0x5ec	Memory:0x7a5a	int	
[236]	0xfde3	Memory:0x7a5c	int	
[237]	0xf988	Memory:0x7a5e	int	
[238]	0x25c	Memory:0x7a60	int	
[239]	0xfdc9	Memory:0x7a62	int	
[240]	0x5a2	Memory:0x7a64	int	
[241]	0x5f0	Memory:0x7a66	int	
[242]	0xfd68	Memory:0x7a68	int	
[243]	0xfe04	Memory:0x7a6a	int	
[244]	0xfc55	Memory:0x7a6c	int	
[245]	0x654	Memory:0x7a6e	int	
[246]	0xfd16	Memory:0x7a70	int	
[247]	0xfbbe	Memory:0x7a72	int	
[248]	0x4a1	Memory:0x7a74	int	
[249]	0xfd9f	Memory:0x7a76	int	
[250]	0x534	Memory:0x7a78	int	
[251]	0xfaaf	Memory:0x7a7a	int	
[252]	0xfaf6	Memory:0x7a7c	int	
[253]	0xfa01	Memory:0x7a7e	int	
[254]	0xfcc1	Memory:0x7a80	int	
[255]	0xfa28	Memory:0x7a82	int	
v	<struct>	Memory:0x7484	poly	
coeffs	<array>	Memory:0x7484	int[256]	
[0]	0xfb76	Memory:0x7484	int	
[1]	0x2f6	Memory:0x7486	int	
[2]	0x195	Memory:0x7488	int	
[3]	0xfd3a	Memory:0x748a	int	
[4]	0x515	Memory:0x748c	int	
[5]	0x3a7	Memory:0x748e	int	
[6]	0xfc79	Memory:0x7490	int	
[7]	0xfdd6	Memory:0x7492	int	
[8]	0x45a	Memory:0x7494	int	
[9]	0xfede	Memory:0x7496	int	
[10]	0xfc34	Memory:0x7498	int	
[11]	0x4ad	Memory:0x749a	int	
[12]	0xfcb7	Memory:0x749c	int	
[13]	0x598	Memory:0x749e	int	
[14]	0xfd0b	Memory:0x74a0	int	
[15]	0xff7d	Memory:0x74a2	int	
[16]	0x12a	Memory:0x74a4	int	
[17]	0xf9d7	Memory:0x74a6	int	
[18]	0x273	Memory:0x74a8	int	
[19]	0xfa16	Memory:0x74aa	int	
[20]	0xfa80	Memory:0x74ac	int	
[21]	0xfd3b	Memory:0x74ae	int	
[22]	0xfa0b	Memory:0x74b0	int	
[23]	0xfaa8	Memory:0x74b2	int	
[24]	0xff66	Memory:0x74b4	int	
[25]	0x139	Memory:0x74b6	int	
[26]	0x46f	Memory:0x74b8	int	
[27]	0xf981	Memory:0x74ba	int	
[28]	0xb6	Memory:0x74bc	int	
[29]	0xfb92	Memory:0x74be	int	
[30]	0xfea6	Memory:0x74c0	int	
[31]	0xfe21	Memory:0x74c2	int	
[32]	0xfe79	Memory:0x74c4	int	
[33]	0x2be	Memory:0x74c6	int	
[34]	0xe7	Memory:0x74c8	int	
[35]	0xfedf	Memory:0x74ca	int	
[36]	0x545	Memory:0x74cc	int	
[37]	0x1e5	Memory:0x74ce	int	
[38]	0x543	Memory:0x74d0	int	
[39]	0xfd1c	Memory:0x74d2	int	
[40]	0xfbba	Memory:0x74d4	int	
[41]	0x2ae	Memory:0x74d6	int	
[42]	0xfdfb	Memory:0x74d8	int	
[43]	0xfbd7	Memory:0x74da	int	
[44]	0x451	Memory:0x74dc	int	
[45]	0xfc0b	Memory:0x74de	int	
[46]	0xfd3c	Memory:0x74e0	int	
[47]	0x661	Memory:0x74e2	int	
[48]	0x306	Memory:0x74e4	int	
[49]	0xfc3a	Memory:0x74e6	int	
[50]	0x234	Memory:0x74e8	int	
[51]	0xfbc3	Memory:0x74ea	int	
[52]	0xd9	Memory:0x74ec	int	
[53]	0xfb23	Memory:0x74ee	int	
[54]	0x3db	Memory:0x74f0	int	
[55]	0xfb18	Memory:0x74f2	int	
[56]	0x48e	Memory:0x74f4	int	
[57]	0xfec9	Memory:0x74f6	int	
[58]	0xfd9f	Memory:0x74f8	int	
[59]	0x230	Memory:0x74fa	int	
[60]	0xa8	Memory:0x74fc	int	
[61]	0xf9dc	Memory:0x74fe	int	
[62]	0xfa02	Memory:0x7500	int	
[63]	0xfd7d	Memory:0x7502	int	
[64]	0xfb9d	Memory:0x7504	int	
[65]	0xfaf3	Memory:0x7506	int	
[66]	0x45	Memory:0x7508	int	
[67]	0xf9dd	Memory:0x750a	int	
[68]	0xfc3a	Memory:0x750c	int	
[69]	0x271	Memory:0x750e	int	
[70]	0xfc9c	Memory:0x7510	int	
[71]	0xfb66	Memory:0x7512	int	
[72]	0x451	Memory:0x7514	int	
[73]	0xfd8b	Memory:0x7516	int	
[74]	0x2c1	Memory:0x7518	int	
[75]	0xfeb7	Memory:0x751a	int	
[76]	0xfb4f	Memory:0x751c	int	
[77]	0x3e3	Memory:0x751e	int	
[78]	0x549	Memory:0x7520	int	
[79]	0x414	Memory:0x7522	int	
[80]	0xfae4	Memory:0x7524	int	
[81]	0x1c	Memory:0x7526	int	
[82]	0xfcdd	Memory:0x7528	int	
[83]	0xffd8	Memory:0x752a	int	
[84]	0xfdce	Memory:0x752c	int	
[85]	0x42f	Memory:0x752e	int	
[86]	0xcd	Memory:0x7530	int	
[87]	0xfae4	Memory:0x7532	int	
[88]	0x246	Memory:0x7534	int	
[89]	0x58c	Memory:0x7536	int	
[90]	0xfbaa	Memory:0x7538	int	
[91]	0xfb8b	Memory:0x753a	int	
[92]	0xfa4a	Memory:0x753c	int	
[93]	0xfd19	Memory:0x753e	int	
[94]	0xf9f2	Memory:0x7540	int	
[95]	0xfd0c	Memory:0x7542	int	
[96]	0x66a	Memory:0x7544	int	
[97]	0xfd6b	Memory:0x7546	int	
[98]	0x373	Memory:0x7548	int	
[99]	0x1a0	Memory:0x754a	int	
[100]	0xffb4	Memory:0x754c	int	
[101]	0x4aa	Memory:0x754e	int	
[102]	0x434	Memory:0x7550	int	
[103]	0xfdc8	Memory:0x7552	int	
[104]	0xfb27	Memory:0x7554	int	
[105]	0x5b3	Memory:0x7556	int	
[106]	0x107	Memory:0x7558	int	
[107]	0x200	Memory:0x755a	int	
[108]	0x4db	Memory:0x755c	int	
[109]	0xfa7f	Memory:0x755e	int	
[110]	0xfa79	Memory:0x7560	int	
[111]	0x262	Memory:0x7562	int	
[112]	0x200	Memory:0x7564	int	
[113]	0xfd2a	Memory:0x7566	int	
[114]	0x5f5	Memory:0x7568	int	
[115]	0x503	Memory:0x756a	int	
[116]	0x48d	Memory:0x756c	int	
[117]	0x1a7	Memory:0x756e	int	
[118]	0xff3e	Memory:0x7570	int	
[119]	0x60f	Memory:0x7572	int	
[120]	0xfb99	Memory:0x7574	int	
[121]	0x1d9	Memory:0x7576	int	
[122]	0xff4a	Memory:0x7578	int	
[123]	0xfe5e	Memory:0x757a	int	
[124]	0x5dc	Memory:0x757c	int	
[125]	0x576	Memory:0x757e	int	
[126]	0xfa08	Memory:0x7580	int	
[127]	0xfab3	Memory:0x7582	int	
[128]	0xe9	Memory:0x7584	int	
[129]	0xe3	Memory:0x7586	int	
[130]	0x563	Memory:0x7588	int	
[131]	0xfc76	Memory:0x758a	int	
[132]	0x150	Memory:0x758c	int	
[133]	0xff94	Memory:0x758e	int	
[134]	0xff0a	Memory:0x7590	int	
[135]	0x266	Memory:0x7592	int	
[136]	0xfb75	Memory:0x7594	int	
[137]	0xfcef	Memory:0x7596	int	
[138]	0xff86	Memory:0x7598	int	
[139]	0x4e3	Memory:0x759a	int	
[140]	0xfb2b	Memory:0x759c	int	
[141]	0xfcdb	Memory:0x759e	int	
[142]	0x40d	Memory:0x75a0	int	
[143]	0x37e	Memory:0x75a2	int	
[144]	0xfbd9	Memory:0x75a4	int	
[145]	0xff1c	Memory:0x75a6	int	
[146]	0xfe43	Memory:0x75a8	int	
[147]	0xfb3c	Memory:0x75aa	int	
[148]	0xff41	Memory:0x75ac	int	
[149]	0x48	Memory:0x75ae	int	
[150]	0x65c	Memory:0x75b0	int	
[151]	0xff54	Memory:0x75b2	int	
[152]	0xfd3a	Memory:0x75b4	int	
[153]	0xed	Memory:0x75b6	int	
[154]	0x615	Memory:0x75b8	int	
[155]	0x44c	Memory:0x75ba	int	
[156]	0x364	Memory:0x75bc	int	
[157]	0xfdae	Memory:0x75be	int	
[158]	0x274	Memory:0x75c0	int	
[159]	0xff70	Memory:0x75c2	int	
[160]	0xdc	Memory:0x75c4	int	
[161]	0xfb9d	Memory:0x75c6	int	
[162]	0xfa83	Memory:0x75c8	int	
[163]	0x2e0	Memory:0x75ca	int	
[164]	0xfac7	Memory:0x75cc	int	
[165]	0x4f0	Memory:0x75ce	int	
[166]	0x40c	Memory:0x75d0	int	
[167]	0x664	Memory:0x75d2	int	
[168]	0xf9e6	Memory:0x75d4	int	
[169]	0xfd36	Memory:0x75d6	int	
[170]	0xfd21	Memory:0x75d8	int	
[171]	0x256	Memory:0x75da	int	
[172]	0xfbb9	Memory:0x75dc	int	
[173]	0x60f	Memory:0x75de	int	
[174]	0x634	Memory:0x75e0	int	
[175]	0x240	Memory:0x75e2	int	
[176]	0xf9ff	Memory:0x75e4	int	
[177]	0xfd44	Memory:0x75e6	int	
[178]	0x422	Memory:0x75e8	int	
[179]	0xfa7c	Memory:0x75ea	int	
[180]	0x3fa	Memory:0x75ec	int	
[181]	0xf6	Memory:0x75ee	int	
[182]	0x2d7	Memory:0x75f0	int	
[183]	0xfd73	Memory:0x75f2	int	
[184]	0x498	Memory:0x75f4	int	
[185]	0xfb6c	Memory:0x75f6	int	
[186]	0xfaf0	Memory:0x75f8	int	
[187]	0x552	Memory:0x75fa	int	
[188]	0xfd65	Memory:0x75fc	int	
[189]	0xfd00	Memory:0x75fe	int	
[190]	0x255	Memory:0x7600	int	
[191]	0xffd0	Memory:0x7602	int	
[192]	0x63c	Memory:0x7604	int	
[193]	0x43f	Memory:0x7606	int	
[194]	0xf9dc	Memory:0x7608	int	
[195]	0xff2e	Memory:0x760a	int	
[196]	0xfa82	Memory:0x760c	int	
[197]	0xfb3c	Memory:0x760e	int	
[198]	0xf9d1	Memory:0x7610	int	
[199]	0x18b	Memory:0x7612	int	
[200]	0xfa2c	Memory:0x7614	int	
[201]	0x2	Memory:0x7616	int	
[202]	0x423	Memory:0x7618	int	
[203]	0xfd33	Memory:0x761a	int	
[204]	0xfb17	Memory:0x761c	int	
[205]	0xfb2f	Memory:0x761e	int	
[206]	0xfcfd	Memory:0x7620	int	
[207]	0x473	Memory:0x7622	int	
[208]	0x56d	Memory:0x7624	int	
[209]	0xf9d8	Memory:0x7626	int	
[210]	0x21c	Memory:0x7628	int	
[211]	0x236	Memory:0x762a	int	
[212]	0x36	Memory:0x762c	int	
[213]	0xf9ee	Memory:0x762e	int	
[214]	0xfad6	Memory:0x7630	int	
[215]	0xfd09	Memory:0x7632	int	
[216]	0xdd	Memory:0x7634	int	
[217]	0x659	Memory:0x7636	int	
[218]	0x156	Memory:0x7638	int	
[219]	0x165	Memory:0x763a	int	
[220]	0xfc9e	Memory:0x763c	int	
[221]	0x310	Memory:0x763e	int	
[222]	0xfd39	Memory:0x7640	int	
[223]	0x28a	Memory:0x7642	int	
[224]	0x39	Memory:0x7644	int	
[225]	0x204	Memory:0x7646	int	
[226]	0xfab9	Memory:0x7648	int	
[227]	0xf9c8	Memory:0x764a	int	
[228]	0x203	Memory:0x764c	int	
[229]	0xfd67	Memory:0x764e	int	
[230]	0x622	Memory:0x7650	int	
[231]	0xfc86	Memory:0x7652	int	
[232]	0xfc76	Memory:0x7654	int	
[233]	0xfa35	Memory:0x7656	int	
[234]	0xff81	Memory:0x7658	int	
[235]	0x429	Memory:0x765a	int	
[236]	0x137	Memory:0x765c	int	
[237]	0xfc0b	Memory:0x765e	int	
[238]	0x2c4	Memory:0x7660	int	
[239]	0x46c	Memory:0x7662	int	
[240]	0xfb9c	Memory:0x7664	int	
[241]	0xfdda	Memory:0x7666	int	
[242]	0xfe4d	Memory:0x7668	int	
[243]	0x290	Memory:0x766a	int	
[244]	0x637	Memory:0x766c	int	
[245]	0x1d7	Memory:0x766e	int	
[246]	0xf9ef	Memory:0x7670	int	
[247]	0x1c6	Memory:0x7672	int	
[248]	0xf9f3	Memory:0x7674	int	
[249]	0xffbb	Memory:0x7676	int	
[250]	0x569	Memory:0x7678	int	
[251]	0xf9ac	Memory:0x767a	int	
[252]	0xe1	Memory:0x767c	int	
[253]	0xf9ff	Memory:0x767e	int	
[254]	0xfa74	Memory:0x7680	int	
[255]	0xfab5	Memory:0x7682	int	
